[debug] [2022-06-02T15:54:51.809Z] ----------------------------------------------------------------------
[debug] [2022-06-02T15:54:51.812Z] Command:       C:\Program Files\nodejs\node.exe C:\Users\Lojito\AppData\Roaming\npm\node_modules\firebase-tools\lib\bin\firebase.js init hosting
[debug] [2022-06-02T15:54:51.813Z] CLI Version:   11.0.1
[debug] [2022-06-02T15:54:51.813Z] Platform:      win32
[debug] [2022-06-02T15:54:51.813Z] Node Version:  v17.1.0
[debug] [2022-06-02T15:54:51.814Z] Time:          Thu Jun 02 2022 12:54:51 GMT-0300 (hora estándar de Argentina)
[debug] [2022-06-02T15:54:51.815Z] ----------------------------------------------------------------------
[debug] 
[debug] [2022-06-02T15:54:51.823Z] > command requires scopes: ["email","openid","https://www.googleapis.com/auth/cloudplatformprojects.readonly","https://www.googleapis.com/auth/firebase","https://www.googleapis.com/auth/cloud-platform"]
[debug] [2022-06-02T15:54:51.823Z] > authorizing via signed-in user (visual.design.90@gmail.com)
[info] 
     ######## #### ########  ######## ########     ###     ######  ########
     ##        ##  ##     ## ##       ##     ##  ##   ##  ##       ##
     ######    ##  ########  ######   ########  #########  ######  ######
     ##        ##  ##    ##  ##       ##     ## ##     ##       ## ##
     ##       #### ##     ## ######## ########  ##     ##  ######  ########

You're about to initialize a Firebase project in this directory:

  C:\Users\Lojito\Downloads\Portafolio

[info] 
=== Project Setup
[info] 
[info] First, let's associate this project directory with a Firebase project.
[info] You can create multiple project aliases by running firebase use --add, 
[info] but for now we'll just set up a default project.
[info] 
[debug] [2022-06-02T15:55:01.791Z] >>> [apiv2][query] GET https://firebase.googleapis.com/v1beta1/projects pageSize=100
[debug] [2022-06-02T15:55:02.556Z] <<< [apiv2][status] GET https://firebase.googleapis.com/v1beta1/projects 200
[debug] [2022-06-02T15:55:02.556Z] <<< [apiv2][body] GET https://firebase.googleapis.com/v1beta1/projects [omitted]
[info] i  Using project portfolio-79c0b (portfolio) 
[info] 
=== Hosting Setup
[info] 
[info] Your public directory is the folder (relative to your project directory) that
[info] will contain Hosting assets to be uploaded with firebase deploy. If you
[info] have a build process for your assets, use your build's output directory.
[info] 
[debug] [2022-06-02T15:56:33.971Z] Error: kill ENOSYS
    at process.kill (node:internal/process/per_thread:215:13)
    at process.listener (C:\Users\Lojito\AppData\Roaming\npm\node_modules\firebase-tools\node_modules\signal-exit\index.js:95:15)
    at process.emit (node:events:390:28)
[error] 
[error] Error: An unexpected error has occurred.
